<?xml version="1.0" encoding="UTF-8"?>
<testsuite name="LearningAPIAutomationPrograms"
           tests="1"
           failures="0"
           errors="0"
           skipped="0"
           time="1.258">
    <properties></properties>



            <testcase
                name="test_Post_CreateToken_RestfulBooker"
                time="1.258"
                classname="com.thetestingacademy.ex_04_RestAssured_HTTP_Method.POST.API_Lab014_POST_NonBDDStyle_RestfulBooker_CreateToken">
            </testcase>
</testsuite>
