<?xml version="1.0" encoding="UTF-8"?>
<testsuite name="LearningAPIAutomationPrograms"
           tests="1"
           failures="0"
           errors="0"
           skipped="0"
           time="6.076">
    <properties></properties>



            <testcase
                name="test_GET_RestfulBooker_PingHealthCheck"
                time="6.076"
                classname="com.thetestingacademy.ex_04_RestAssured_HTTP_Method.GET.API_Lab036_NonBDDStyle_RestfulBooker_PingHealthCheck">
            </testcase>
</testsuite>
